{"D:\\Users\\mandi\\Documents\\AMANDA\\EU\\EU_CURSOS\\OSF\\alibazon\\app.js": {"path":"D:\\Users\\mandi\\Documents\\AMANDA\\EU\\EU_CURSOS\\OSF\\alibazon\\app.js","statementMap":{"0":{"start":{"line":1,"column":0},"end":{"line":1,"column":27}},"1":{"start":{"line":2,"column":20},"end":{"line":2,"column":42}},"2":{"start":{"line":3,"column":16},"end":{"line":3,"column":34}},"3":{"start":{"line":4,"column":13},"end":{"line":4,"column":28}},"4":{"start":{"line":5,"column":21},"end":{"line":5,"column":45}},"5":{"start":{"line":6,"column":15},"end":{"line":6,"column":32}},"6":{"start":{"line":8,"column":15},"end":{"line":8,"column":34}},"7":{"start":{"line":10,"column":12},"end":{"line":10,"column":21}},"8":{"start":{"line":13,"column":0},"end":{"line":13,"column":48}},"9":{"start":{"line":14,"column":0},"end":{"line":14,"column":30}},"10":{"start":{"line":16,"column":0},"end":{"line":16,"column":23}},"11":{"start":{"line":17,"column":0},"end":{"line":17,"column":24}},"12":{"start":{"line":18,"column":0},"end":{"line":18,"column":49}},"13":{"start":{"line":19,"column":0},"end":{"line":19,"column":24}},"14":{"start":{"line":20,"column":0},"end":{"line":20,"column":56}},"15":{"start":{"line":22,"column":0},"end":{"line":22,"column":12}},"16":{"start":{"line":25,"column":0},"end":{"line":27,"column":3}},"17":{"start":{"line":26,"column":2},"end":{"line":26,"column":25}},"18":{"start":{"line":30,"column":0},"end":{"line":38,"column":3}},"19":{"start":{"line":32,"column":2},"end":{"line":32,"column":35}},"20":{"start":{"line":33,"column":2},"end":{"line":33,"column":69}},"21":{"start":{"line":36,"column":2},"end":{"line":36,"column":32}},"22":{"start":{"line":37,"column":2},"end":{"line":37,"column":22}},"23":{"start":{"line":40,"column":0},"end":{"line":40,"column":21}}},"fnMap":{"0":{"name":"(anonymous_0)","decl":{"start":{"line":25,"column":8},"end":{"line":25,"column":9}},"loc":{"start":{"line":25,"column":33},"end":{"line":27,"column":1}},"line":25},"1":{"name":"(anonymous_1)","decl":{"start":{"line":30,"column":8},"end":{"line":30,"column":9}},"loc":{"start":{"line":30,"column":38},"end":{"line":38,"column":1}},"line":30}},"branchMap":{"0":{"loc":{"start":{"line":33,"column":21},"end":{"line":33,"column":68}},"type":"cond-expr","locations":[{"start":{"line":33,"column":60},"end":{"line":33,"column":63}},{"start":{"line":33,"column":66},"end":{"line":33,"column":68}}],"line":33},"1":{"loc":{"start":{"line":36,"column":13},"end":{"line":36,"column":30}},"type":"binary-expr","locations":[{"start":{"line":36,"column":13},"end":{"line":36,"column":23}},{"start":{"line":36,"column":27},"end":{"line":36,"column":30}}],"line":36}},"s":{"0":1,"1":1,"2":1,"3":1,"4":1,"5":1,"6":1,"7":1,"8":1,"9":1,"10":1,"11":1,"12":1,"13":1,"14":1,"15":1,"16":1,"17":0,"18":1,"19":8,"20":8,"21":8,"22":8,"23":1},"f":{"0":0,"1":8},"b":{"0":[0,8],"1":[8,8]},"_coverageSchema":"1a1c01bbd47fc00a2c39e90264f33305004495a9","hash":"a4cffc72c863817502fb04d9ea293176efc4daf7"}
,"D:\\Users\\mandi\\Documents\\AMANDA\\EU\\EU_CURSOS\\OSF\\alibazon\\controllers\\CategoryController.js": {"path":"D:\\Users\\mandi\\Documents\\AMANDA\\EU\\EU_CURSOS\\OSF\\alibazon\\controllers\\CategoryController.js","statementMap":{"0":{"start":{"line":1,"column":31},"end":{"line":1,"column":53}},"1":{"start":{"line":3,"column":12},"end":{"line":3,"column":31}},"2":{"start":{"line":4,"column":18},"end":{"line":4,"column":40}},"3":{"start":{"line":9,"column":25},"end":{"line":9,"column":44}},"4":{"start":{"line":10,"column":30},"end":{"line":10,"column":68}},"5":{"start":{"line":12,"column":8},"end":{"line":27,"column":35}},"6":{"start":{"line":13,"column":23},"end":{"line":13,"column":110}},"7":{"start":{"line":14,"column":27},"end":{"line":14,"column":29}},"8":{"start":{"line":16,"column":10},"end":{"line":19,"column":11}},"9":{"start":{"line":17,"column":24},"end":{"line":17,"column":128}},"10":{"start":{"line":18,"column":12},"end":{"line":18,"column":37}},"11":{"start":{"line":21,"column":10},"end":{"line":25,"column":12}},"12":{"start":{"line":27,"column":24},"end":{"line":27,"column":33}},"13":{"start":{"line":31,"column":44},"end":{"line":31,"column":54}},"14":{"start":{"line":33,"column":8},"end":{"line":43,"column":35}},"15":{"start":{"line":34,"column":27},"end":{"line":34,"column":152}},"16":{"start":{"line":35,"column":30},"end":{"line":35,"column":64}},"17":{"start":{"line":37,"column":10},"end":{"line":41,"column":13}},"18":{"start":{"line":43,"column":24},"end":{"line":43,"column":33}},"19":{"start":{"line":47,"column":55},"end":{"line":47,"column":65}},"20":{"start":{"line":49,"column":8},"end":{"line":59,"column":35}},"21":{"start":{"line":50,"column":32},"end":{"line":50,"column":136}},"22":{"start":{"line":51,"column":30},"end":{"line":51,"column":64}},"23":{"start":{"line":53,"column":10},"end":{"line":57,"column":13}},"24":{"start":{"line":59,"column":24},"end":{"line":59,"column":33}},"25":{"start":{"line":63,"column":4},"end":{"line":63,"column":40}}},"fnMap":{"0":{"name":"(anonymous_0)","decl":{"start":{"line":8,"column":4},"end":{"line":8,"column":5}},"loc":{"start":{"line":8,"column":53},"end":{"line":28,"column":7}},"line":8},"1":{"name":"(anonymous_1)","decl":{"start":{"line":30,"column":6},"end":{"line":30,"column":7}},"loc":{"start":{"line":30,"column":50},"end":{"line":44,"column":7}},"line":30},"2":{"name":"(anonymous_2)","decl":{"start":{"line":46,"column":6},"end":{"line":46,"column":7}},"loc":{"start":{"line":46,"column":49},"end":{"line":60,"column":7}},"line":46}},"branchMap":{},"s":{"0":1,"1":1,"2":1,"3":0,"4":0,"5":0,"6":0,"7":0,"8":0,"9":0,"10":0,"11":0,"12":0,"13":0,"14":0,"15":0,"16":0,"17":0,"18":0,"19":0,"20":0,"21":0,"22":0,"23":0,"24":0,"25":1},"f":{"0":0,"1":0,"2":0},"b":{},"_coverageSchema":"1a1c01bbd47fc00a2c39e90264f33305004495a9","hash":"b156e8eefd59c04caf9593a015f69d9a13ce20b8"}
,"D:\\Users\\mandi\\Documents\\AMANDA\\EU\\EU_CURSOS\\OSF\\alibazon\\controllers\\UserController.js": {"path":"D:\\Users\\mandi\\Documents\\AMANDA\\EU\\EU_CURSOS\\OSF\\alibazon\\controllers\\UserController.js","statementMap":{"0":{"start":{"line":1,"column":25},"end":{"line":1,"column":47}},"1":{"start":{"line":2,"column":48},"end":{"line":2,"column":83}},"2":{"start":{"line":4,"column":12},"end":{"line":4,"column":31}},"3":{"start":{"line":5,"column":18},"end":{"line":5,"column":40}},"4":{"start":{"line":10,"column":50},"end":{"line":10,"column":58}},"5":{"start":{"line":12,"column":20},"end":{"line":12,"column":65}},"6":{"start":{"line":14,"column":4},"end":{"line":19,"column":31}},"7":{"start":{"line":15,"column":6},"end":{"line":15,"column":63}},"8":{"start":{"line":16,"column":6},"end":{"line":16,"column":47}},"9":{"start":{"line":17,"column":6},"end":{"line":17,"column":55}},"10":{"start":{"line":18,"column":6},"end":{"line":18,"column":21}},"11":{"start":{"line":19,"column":20},"end":{"line":19,"column":29}},"12":{"start":{"line":23,"column":40},"end":{"line":23,"column":48}},"13":{"start":{"line":25,"column":17},"end":{"line":25,"column":51}},"14":{"start":{"line":27,"column":4},"end":{"line":36,"column":5}},"15":{"start":{"line":28,"column":25},"end":{"line":28,"column":79}},"16":{"start":{"line":29,"column":6},"end":{"line":29,"column":55}},"17":{"start":{"line":30,"column":6},"end":{"line":30,"column":61}},"18":{"start":{"line":31,"column":6},"end":{"line":31,"column":21}},"19":{"start":{"line":34,"column":6},"end":{"line":34,"column":34}},"20":{"start":{"line":35,"column":6},"end":{"line":35,"column":21}},"21":{"start":{"line":40,"column":0},"end":{"line":40,"column":32}}},"fnMap":{"0":{"name":"(anonymous_0)","decl":{"start":{"line":9,"column":2},"end":{"line":9,"column":3}},"loc":{"start":{"line":9,"column":42},"end":{"line":20,"column":3}},"line":9},"1":{"name":"(anonymous_1)","decl":{"start":{"line":22,"column":2},"end":{"line":22,"column":3}},"loc":{"start":{"line":22,"column":42},"end":{"line":37,"column":3}},"line":22}},"branchMap":{},"s":{"0":1,"1":1,"2":1,"3":1,"4":0,"5":0,"6":0,"7":0,"8":0,"9":0,"10":0,"11":0,"12":0,"13":0,"14":0,"15":0,"16":0,"17":0,"18":0,"19":0,"20":0,"21":1},"f":{"0":0,"1":0},"b":{},"_coverageSchema":"1a1c01bbd47fc00a2c39e90264f33305004495a9","hash":"ca9538e7bd462610d211746d3438d6dbd4bd9f78"}
,"D:\\Users\\mandi\\Documents\\AMANDA\\EU\\EU_CURSOS\\OSF\\alibazon\\middlewares\\userValidation.js": {"path":"D:\\Users\\mandi\\Documents\\AMANDA\\EU\\EU_CURSOS\\OSF\\alibazon\\middlewares\\userValidation.js","statementMap":{"0":{"start":{"line":1,"column":0},"end":{"line":20,"column":1}},"1":{"start":{"line":3,"column":21},"end":{"line":3,"column":29}},"2":{"start":{"line":5,"column":8},"end":{"line":18,"column":42}},"3":{"start":{"line":6,"column":12},"end":{"line":8,"column":13}},"4":{"start":{"line":7,"column":16},"end":{"line":7,"column":52}},"5":{"start":{"line":9,"column":12},"end":{"line":11,"column":13}},"6":{"start":{"line":10,"column":16},"end":{"line":10,"column":54}},"7":{"start":{"line":12,"column":12},"end":{"line":16,"column":13}},"8":{"start":{"line":13,"column":16},"end":{"line":15,"column":17}},"9":{"start":{"line":14,"column":20},"end":{"line":14,"column":54}},"10":{"start":{"line":17,"column":12},"end":{"line":17,"column":26}},"11":{"start":{"line":18,"column":24},"end":{"line":18,"column":40}}},"fnMap":{"0":{"name":"(anonymous_0)","decl":{"start":{"line":2,"column":4},"end":{"line":2,"column":5}},"loc":{"start":{"line":2,"column":33},"end":{"line":19,"column":5}},"line":2}},"branchMap":{"0":{"loc":{"start":{"line":6,"column":12},"end":{"line":8,"column":13}},"type":"if","locations":[{"start":{"line":6,"column":12},"end":{"line":8,"column":13}},{"start":{},"end":{}}],"line":6},"1":{"loc":{"start":{"line":6,"column":16},"end":{"line":6,"column":73}},"type":"binary-expr","locations":[{"start":{"line":6,"column":16},"end":{"line":6,"column":46}},{"start":{"line":6,"column":50},"end":{"line":6,"column":73}}],"line":6},"2":{"loc":{"start":{"line":9,"column":12},"end":{"line":11,"column":13}},"type":"if","locations":[{"start":{"line":9,"column":12},"end":{"line":11,"column":13}},{"start":{},"end":{}}],"line":9},"3":{"loc":{"start":{"line":9,"column":16},"end":{"line":9,"column":79}},"type":"binary-expr","locations":[{"start":{"line":9,"column":16},"end":{"line":9,"column":49}},{"start":{"line":9,"column":53},"end":{"line":9,"column":79}}],"line":9},"4":{"loc":{"start":{"line":12,"column":12},"end":{"line":16,"column":13}},"type":"if","locations":[{"start":{"line":12,"column":12},"end":{"line":16,"column":13}},{"start":{},"end":{}}],"line":12},"5":{"loc":{"start":{"line":13,"column":16},"end":{"line":15,"column":17}},"type":"if","locations":[{"start":{"line":13,"column":16},"end":{"line":15,"column":17}},{"start":{},"end":{}}],"line":13},"6":{"loc":{"start":{"line":13,"column":20},"end":{"line":13,"column":75}},"type":"binary-expr","locations":[{"start":{"line":13,"column":20},"end":{"line":13,"column":49}},{"start":{"line":13,"column":53},"end":{"line":13,"column":75}}],"line":13}},"s":{"0":1,"1":8,"2":8,"3":8,"4":8,"5":0,"6":0,"7":0,"8":0,"9":0,"10":0,"11":8},"f":{"0":8},"b":{"0":[8,0],"1":[8,0],"2":[0,0],"3":[0,0],"4":[0,0],"5":[0,0],"6":[0,0]},"_coverageSchema":"1a1c01bbd47fc00a2c39e90264f33305004495a9","hash":"ee7f3c1c1929c944acf7e464e36e9d2912ad43bf"}
,"D:\\Users\\mandi\\Documents\\AMANDA\\EU\\EU_CURSOS\\OSF\\alibazon\\routes\\categoriesRoute.js": {"path":"D:\\Users\\mandi\\Documents\\AMANDA\\EU\\EU_CURSOS\\OSF\\alibazon\\routes\\categoriesRoute.js","statementMap":{"0":{"start":{"line":1,"column":19},"end":{"line":1,"column":37}},"1":{"start":{"line":2,"column":27},"end":{"line":2,"column":71}},"2":{"start":{"line":4,"column":15},"end":{"line":4,"column":23}},"3":{"start":{"line":6,"column":0},"end":{"line":6,"column":65}},"4":{"start":{"line":7,"column":0},"end":{"line":7,"column":75}},"5":{"start":{"line":8,"column":0},"end":{"line":8,"column":85}},"6":{"start":{"line":10,"column":0},"end":{"line":10,"column":24}}},"fnMap":{},"branchMap":{},"s":{"0":1,"1":1,"2":1,"3":1,"4":1,"5":1,"6":1},"f":{},"b":{},"_coverageSchema":"1a1c01bbd47fc00a2c39e90264f33305004495a9","hash":"a2f423bbbe15cade2fe2d19edb1d48a46809ad59"}
,"D:\\Users\\mandi\\Documents\\AMANDA\\EU\\EU_CURSOS\\OSF\\alibazon\\routes\\index.js": {"path":"D:\\Users\\mandi\\Documents\\AMANDA\\EU\\EU_CURSOS\\OSF\\alibazon\\routes\\index.js","statementMap":{"0":{"start":{"line":1,"column":14},"end":{"line":1,"column":37}},"1":{"start":{"line":2,"column":19},"end":{"line":2,"column":47}},"2":{"start":{"line":3,"column":13},"end":{"line":3,"column":36}},"3":{"start":{"line":5,"column":0},"end":{"line":11,"column":1}},"4":{"start":{"line":6,"column":2},"end":{"line":10,"column":3}}},"fnMap":{"0":{"name":"(anonymous_0)","decl":{"start":{"line":5,"column":17},"end":{"line":5,"column":18}},"loc":{"start":{"line":5,"column":26},"end":{"line":11,"column":1}},"line":5}},"branchMap":{},"s":{"0":1,"1":1,"2":1,"3":1,"4":1},"f":{"0":1},"b":{},"_coverageSchema":"1a1c01bbd47fc00a2c39e90264f33305004495a9","hash":"e04180277fd7cc33e145fd31fd0ed84a387a7c6f"}
,"D:\\Users\\mandi\\Documents\\AMANDA\\EU\\EU_CURSOS\\OSF\\alibazon\\routes\\mainRoutes.js": {"path":"D:\\Users\\mandi\\Documents\\AMANDA\\EU\\EU_CURSOS\\OSF\\alibazon\\routes\\mainRoutes.js","statementMap":{"0":{"start":{"line":1,"column":19},"end":{"line":1,"column":37}},"1":{"start":{"line":2,"column":15},"end":{"line":2,"column":23}},"2":{"start":{"line":4,"column":0},"end":{"line":6,"column":5}},"3":{"start":{"line":5,"column":4},"end":{"line":5,"column":56}},"4":{"start":{"line":8,"column":0},"end":{"line":8,"column":24}}},"fnMap":{"0":{"name":"(anonymous_0)","decl":{"start":{"line":4,"column":16},"end":{"line":4,"column":17}},"loc":{"start":{"line":4,"column":36},"end":{"line":6,"column":3}},"line":4}},"branchMap":{},"s":{"0":1,"1":1,"2":1,"3":0,"4":1},"f":{"0":0},"b":{},"_coverageSchema":"1a1c01bbd47fc00a2c39e90264f33305004495a9","hash":"f7be996ea6201f51ae46ce0f5a749fbd1af2104e"}
,"D:\\Users\\mandi\\Documents\\AMANDA\\EU\\EU_CURSOS\\OSF\\alibazon\\routes\\usersRoute.js": {"path":"D:\\Users\\mandi\\Documents\\AMANDA\\EU\\EU_CURSOS\\OSF\\alibazon\\routes\\usersRoute.js","statementMap":{"0":{"start":{"line":1,"column":19},"end":{"line":1,"column":37}},"1":{"start":{"line":2,"column":23},"end":{"line":2,"column":63}},"2":{"start":{"line":3,"column":25},"end":{"line":3,"column":65}},"3":{"start":{"line":5,"column":15},"end":{"line":5,"column":23}},"4":{"start":{"line":7,"column":0},"end":{"line":7,"column":24}},"5":{"start":{"line":8,"column":0},"end":{"line":8,"column":68}},"6":{"start":{"line":8,"column":44},"end":{"line":8,"column":64}},"7":{"start":{"line":9,"column":0},"end":{"line":9,"column":50}},"8":{"start":{"line":11,"column":0},"end":{"line":11,"column":68}},"9":{"start":{"line":11,"column":44},"end":{"line":11,"column":64}},"10":{"start":{"line":12,"column":0},"end":{"line":12,"column":50}},"11":{"start":{"line":14,"column":0},"end":{"line":14,"column":24}}},"fnMap":{"0":{"name":"(anonymous_0)","decl":{"start":{"line":8,"column":22},"end":{"line":8,"column":23}},"loc":{"start":{"line":8,"column":42},"end":{"line":8,"column":66}},"line":8},"1":{"name":"(anonymous_1)","decl":{"start":{"line":11,"column":22},"end":{"line":11,"column":23}},"loc":{"start":{"line":11,"column":42},"end":{"line":11,"column":66}},"line":11}},"branchMap":{},"s":{"0":1,"1":1,"2":1,"3":1,"4":1,"5":1,"6":0,"7":1,"8":1,"9":0,"10":1,"11":1},"f":{"0":0,"1":0},"b":{},"_coverageSchema":"1a1c01bbd47fc00a2c39e90264f33305004495a9","hash":"2694e96a997203bb6af40abda38c618bd3c975be"}
,"D:\\Users\\mandi\\Documents\\AMANDA\\EU\\EU_CURSOS\\OSF\\alibazon\\services\\CartServices.js": {"path":"D:\\Users\\mandi\\Documents\\AMANDA\\EU\\EU_CURSOS\\OSF\\alibazon\\services\\CartServices.js","statementMap":{"0":{"start":{"line":1,"column":17},"end":{"line":1,"column":38}},"1":{"start":{"line":5,"column":0},"end":{"line":5,"column":30}}},"fnMap":{},"branchMap":{},"s":{"0":1,"1":1},"f":{},"b":{},"_coverageSchema":"1a1c01bbd47fc00a2c39e90264f33305004495a9","hash":"07759e1847cf9e09eda9e0f416556556bb6d1d30"}
,"D:\\Users\\mandi\\Documents\\AMANDA\\EU\\EU_CURSOS\\OSF\\alibazon\\services\\CategoriesServices.js": {"path":"D:\\Users\\mandi\\Documents\\AMANDA\\EU\\EU_CURSOS\\OSF\\alibazon\\services\\CategoriesServices.js","statementMap":{"0":{"start":{"line":1,"column":17},"end":{"line":1,"column":38}},"1":{"start":{"line":5,"column":0},"end":{"line":5,"column":36}}},"fnMap":{},"branchMap":{},"s":{"0":1,"1":1},"f":{},"b":{},"_coverageSchema":"1a1c01bbd47fc00a2c39e90264f33305004495a9","hash":"76b0f6c4cbab15048496d14f3c4ac9552aad75b8"}
,"D:\\Users\\mandi\\Documents\\AMANDA\\EU\\EU_CURSOS\\OSF\\alibazon\\services\\Services.js": {"path":"D:\\Users\\mandi\\Documents\\AMANDA\\EU\\EU_CURSOS\\OSF\\alibazon\\services\\Services.js","statementMap":{"0":{"start":{"line":1,"column":14},"end":{"line":1,"column":30}},"1":{"start":{"line":5,"column":25},"end":{"line":9,"column":10}},"2":{"start":{"line":10,"column":8},"end":{"line":10,"column":24}},"3":{"start":{"line":14,"column":8},"end":{"line":23,"column":9}},"4":{"start":{"line":15,"column":28},"end":{"line":19,"column":14}},"5":{"start":{"line":20,"column":12},"end":{"line":20,"column":27}},"6":{"start":{"line":22,"column":12},"end":{"line":22,"column":31}},"7":{"start":{"line":27,"column":0},"end":{"line":27,"column":26}}},"fnMap":{"0":{"name":"(anonymous_0)","decl":{"start":{"line":4,"column":4},"end":{"line":4,"column":5}},"loc":{"start":{"line":4,"column":41},"end":{"line":11,"column":5}},"line":4},"1":{"name":"(anonymous_1)","decl":{"start":{"line":13,"column":4},"end":{"line":13,"column":5}},"loc":{"start":{"line":13,"column":37},"end":{"line":24,"column":5}},"line":13}},"branchMap":{"0":{"loc":{"start":{"line":4,"column":30},"end":{"line":4,"column":39}},"type":"default-arg","locations":[{"start":{"line":4,"column":37},"end":{"line":4,"column":39}}],"line":4}},"s":{"0":2,"1":0,"2":0,"3":0,"4":0,"5":0,"6":0,"7":2},"f":{"0":0,"1":0},"b":{"0":[0]},"_coverageSchema":"1a1c01bbd47fc00a2c39e90264f33305004495a9","hash":"aab8867426655eb05ea8b97fa79191caaec975a5"}
,"D:\\Users\\mandi\\Documents\\AMANDA\\EU\\EU_CURSOS\\OSF\\alibazon\\services\\UserServices.js": {"path":"D:\\Users\\mandi\\Documents\\AMANDA\\EU\\EU_CURSOS\\OSF\\alibazon\\services\\UserServices.js","statementMap":{"0":{"start":{"line":1,"column":17},"end":{"line":1,"column":38}},"1":{"start":{"line":2,"column":18},"end":{"line":2,"column":40}},"2":{"start":{"line":6,"column":21},"end":{"line":11,"column":9}},"3":{"start":{"line":12,"column":8},"end":{"line":12,"column":20}},"4":{"start":{"line":16,"column":21},"end":{"line":20,"column":9}},"5":{"start":{"line":22,"column":8},"end":{"line":22,"column":20}},"6":{"start":{"line":26,"column":0},"end":{"line":26,"column":30}}},"fnMap":{"0":{"name":"(anonymous_0)","decl":{"start":{"line":5,"column":4},"end":{"line":5,"column":5}},"loc":{"start":{"line":5,"column":45},"end":{"line":13,"column":5}},"line":5},"1":{"name":"(anonymous_1)","decl":{"start":{"line":15,"column":4},"end":{"line":15,"column":5}},"loc":{"start":{"line":15,"column":38},"end":{"line":23,"column":5}},"line":15}},"branchMap":{},"s":{"0":2,"1":2,"2":1,"3":1,"4":1,"5":1,"6":2},"f":{"0":1,"1":1},"b":{},"_coverageSchema":"1a1c01bbd47fc00a2c39e90264f33305004495a9","hash":"ce9c409c42e89dcfc4606f94654edea13b3b2f27"}
,"D:\\Users\\mandi\\Documents\\AMANDA\\EU\\EU_CURSOS\\OSF\\alibazon\\services\\index.js": {"path":"D:\\Users\\mandi\\Documents\\AMANDA\\EU\\EU_CURSOS\\OSF\\alibazon\\services\\index.js","statementMap":{"0":{"start":{"line":1,"column":21},"end":{"line":1,"column":46}},"1":{"start":{"line":2,"column":21},"end":{"line":2,"column":46}},"2":{"start":{"line":3,"column":27},"end":{"line":3,"column":58}},"3":{"start":{"line":5,"column":0},"end":{"line":9,"column":1}}},"fnMap":{},"branchMap":{},"s":{"0":1,"1":1,"2":1,"3":1},"f":{},"b":{},"_coverageSchema":"1a1c01bbd47fc00a2c39e90264f33305004495a9","hash":"95743e898cc79dafbe28ab82e260527185d6ab48"}
}
