{"D:\\Users\\mandi\\Documents\\AMANDA\\EU\\EU_CURSOS\\OSF\\alibazon\\app.js": {"path":"D:\\Users\\mandi\\Documents\\AMANDA\\EU\\EU_CURSOS\\OSF\\alibazon\\app.js","statementMap":{"0":{"start":{"line":1,"column":0},"end":{"line":1,"column":27}},"1":{"start":{"line":4,"column":16},"end":{"line":4,"column":34}},"2":{"start":{"line":5,"column":15},"end":{"line":5,"column":38}},"3":{"start":{"line":6,"column":27},"end":{"line":6,"column":53}},"4":{"start":{"line":7,"column":13},"end":{"line":7,"column":28}},"5":{"start":{"line":8,"column":21},"end":{"line":8,"column":45}},"6":{"start":{"line":9,"column":15},"end":{"line":9,"column":32}},"7":{"start":{"line":11,"column":15},"end":{"line":11,"column":34}},"8":{"start":{"line":13,"column":12},"end":{"line":13,"column":21}},"9":{"start":{"line":15,"column":0},"end":{"line":27,"column":3}},"10":{"start":{"line":29,"column":0},"end":{"line":29,"column":42}},"11":{"start":{"line":32,"column":20},"end":{"line":35,"column":2}},"12":{"start":{"line":36,"column":0},"end":{"line":38,"column":3}},"13":{"start":{"line":37,"column":2},"end":{"line":37,"column":29}},"14":{"start":{"line":42,"column":0},"end":{"line":53,"column":1}},"15":{"start":{"line":44,"column":2},"end":{"line":47,"column":5}},"16":{"start":{"line":45,"column":4},"end":{"line":45,"column":45}},"17":{"start":{"line":46,"column":4},"end":{"line":46,"column":59}},"18":{"start":{"line":50,"column":2},"end":{"line":50,"column":8}},"19":{"start":{"line":52,"column":2},"end":{"line":52,"column":31}},"20":{"start":{"line":60,"column":0},"end":{"line":60,"column":48}},"21":{"start":{"line":61,"column":0},"end":{"line":61,"column":30}},"22":{"start":{"line":63,"column":0},"end":{"line":63,"column":23}},"23":{"start":{"line":64,"column":0},"end":{"line":64,"column":24}},"24":{"start":{"line":65,"column":0},"end":{"line":65,"column":49}},"25":{"start":{"line":66,"column":0},"end":{"line":66,"column":24}},"26":{"start":{"line":67,"column":0},"end":{"line":67,"column":56}},"27":{"start":{"line":69,"column":0},"end":{"line":77,"column":3}},"28":{"start":{"line":71,"column":4},"end":{"line":73,"column":5}},"29":{"start":{"line":72,"column":6},"end":{"line":72,"column":33}},"30":{"start":{"line":75,"column":4},"end":{"line":75,"column":18}},"31":{"start":{"line":79,"column":0},"end":{"line":79,"column":12}},"32":{"start":{"line":81,"column":0},"end":{"line":84,"column":2}},"33":{"start":{"line":82,"column":2},"end":{"line":82,"column":23}},"34":{"start":{"line":83,"column":2},"end":{"line":83,"column":30}},"35":{"start":{"line":103,"column":0},"end":{"line":103,"column":21}}},"fnMap":{"0":{"name":"(anonymous_0)","decl":{"start":{"line":36,"column":22},"end":{"line":36,"column":23}},"loc":{"start":{"line":36,"column":31},"end":{"line":38,"column":1}},"line":36},"1":{"name":"(anonymous_1)","decl":{"start":{"line":44,"column":41},"end":{"line":44,"column":42}},"loc":{"start":{"line":44,"column":48},"end":{"line":47,"column":3}},"line":44},"2":{"name":"(anonymous_2)","decl":{"start":{"line":69,"column":9},"end":{"line":69,"column":10}},"loc":{"start":{"line":69,"column":34},"end":{"line":77,"column":1}},"line":69},"3":{"name":"onError","decl":{"start":{"line":81,"column":17},"end":{"line":81,"column":24}},"loc":{"start":{"line":81,"column":46},"end":{"line":84,"column":1}},"line":81}},"branchMap":{"0":{"loc":{"start":{"line":71,"column":4},"end":{"line":73,"column":5}},"type":"if","locations":[{"start":{"line":71,"column":4},"end":{"line":73,"column":5}},{"start":{},"end":{}}],"line":71},"1":{"loc":{"start":{"line":71,"column":8},"end":{"line":71,"column":77}},"type":"binary-expr","locations":[{"start":{"line":71,"column":8},"end":{"line":71,"column":23}},{"start":{"line":71,"column":27},"end":{"line":71,"column":77}}],"line":71}},"s":{"0":2,"1":2,"2":2,"3":2,"4":2,"5":2,"6":2,"7":2,"8":2,"9":2,"10":2,"11":2,"12":2,"13":2,"14":2,"15":2,"16":0,"17":0,"18":0,"19":2,"20":2,"21":2,"22":2,"23":2,"24":2,"25":2,"26":2,"27":2,"28":13,"29":0,"30":13,"31":2,"32":2,"33":0,"34":0,"35":2},"f":{"0":2,"1":0,"2":13,"3":0},"b":{"0":[0,13],"1":[13,13]},"_coverageSchema":"1a1c01bbd47fc00a2c39e90264f33305004495a9","hash":"3ce912e228be6a4ab1c0741636a11b2bcae0c646"}
,"D:\\Users\\mandi\\Documents\\AMANDA\\EU\\EU_CURSOS\\OSF\\alibazon\\controllers\\CategoryController.js": {"path":"D:\\Users\\mandi\\Documents\\AMANDA\\EU\\EU_CURSOS\\OSF\\alibazon\\controllers\\CategoryController.js","statementMap":{"0":{"start":{"line":1,"column":31},"end":{"line":1,"column":53}},"1":{"start":{"line":6,"column":25},"end":{"line":6,"column":44}},"2":{"start":{"line":7,"column":30},"end":{"line":7,"column":68}},"3":{"start":{"line":9,"column":28},"end":{"line":9,"column":30}},"4":{"start":{"line":11,"column":8},"end":{"line":27,"column":35}},"5":{"start":{"line":12,"column":25},"end":{"line":12,"column":81}},"6":{"start":{"line":13,"column":12},"end":{"line":18,"column":13}},"7":{"start":{"line":14,"column":29},"end":{"line":14,"column":96}},"8":{"start":{"line":15,"column":16},"end":{"line":17,"column":17}},"9":{"start":{"line":16,"column":18},"end":{"line":16,"column":51}},"10":{"start":{"line":19,"column":12},"end":{"line":19,"column":60}},"11":{"start":{"line":21,"column":12},"end":{"line":25,"column":14}},"12":{"start":{"line":27,"column":24},"end":{"line":27,"column":33}},"13":{"start":{"line":31,"column":43},"end":{"line":31,"column":53}},"14":{"start":{"line":32,"column":30},"end":{"line":32,"column":68}},"15":{"start":{"line":34,"column":25},"end":{"line":34,"column":27}},"16":{"start":{"line":35,"column":28},"end":{"line":35,"column":30}},"17":{"start":{"line":37,"column":8},"end":{"line":61,"column":35}},"18":{"start":{"line":38,"column":12},"end":{"line":41,"column":13}},"19":{"start":{"line":39,"column":26},"end":{"line":39,"column":89}},"20":{"start":{"line":40,"column":14},"end":{"line":40,"column":39}},"21":{"start":{"line":43,"column":29},"end":{"line":43,"column":101}},"22":{"start":{"line":44,"column":12},"end":{"line":44,"column":45}},"23":{"start":{"line":46,"column":12},"end":{"line":46,"column":68}},"24":{"start":{"line":47,"column":45},"end":{"line":47,"column":102}},"25":{"start":{"line":50,"column":35},"end":{"line":50,"column":64}},"26":{"start":{"line":52,"column":12},"end":{"line":59,"column":14}},"27":{"start":{"line":61,"column":24},"end":{"line":61,"column":33}},"28":{"start":{"line":65,"column":58},"end":{"line":65,"column":68}},"29":{"start":{"line":66,"column":25},"end":{"line":66,"column":27}},"30":{"start":{"line":68,"column":8},"end":{"line":93,"column":35}},"31":{"start":{"line":69,"column":29},"end":{"line":69,"column":87}},"32":{"start":{"line":70,"column":24},"end":{"line":70,"column":90}},"33":{"start":{"line":71,"column":12},"end":{"line":71,"column":37}},"34":{"start":{"line":72,"column":27},"end":{"line":72,"column":40}},"35":{"start":{"line":75,"column":30},"end":{"line":75,"column":54}},"36":{"start":{"line":76,"column":12},"end":{"line":78,"column":13}},"37":{"start":{"line":77,"column":14},"end":{"line":77,"column":42}},"38":{"start":{"line":79,"column":12},"end":{"line":81,"column":13}},"39":{"start":{"line":80,"column":14},"end":{"line":80,"column":42}},"40":{"start":{"line":83,"column":12},"end":{"line":91,"column":14}},"41":{"start":{"line":93,"column":24},"end":{"line":93,"column":33}},"42":{"start":{"line":97,"column":69},"end":{"line":97,"column":79}},"43":{"start":{"line":99,"column":8},"end":{"line":120,"column":35}},"44":{"start":{"line":100,"column":34},"end":{"line":100,"column":87}},"45":{"start":{"line":101,"column":35},"end":{"line":101,"column":64}},"46":{"start":{"line":102,"column":30},"end":{"line":102,"column":54}},"47":{"start":{"line":103,"column":12},"end":{"line":105,"column":13}},"48":{"start":{"line":104,"column":14},"end":{"line":104,"column":42}},"49":{"start":{"line":106,"column":12},"end":{"line":108,"column":13}},"50":{"start":{"line":107,"column":14},"end":{"line":107,"column":42}},"51":{"start":{"line":110,"column":12},"end":{"line":118,"column":14}},"52":{"start":{"line":120,"column":24},"end":{"line":120,"column":33}},"53":{"start":{"line":124,"column":0},"end":{"line":124,"column":36}}},"fnMap":{"0":{"name":"(anonymous_0)","decl":{"start":{"line":5,"column":4},"end":{"line":5,"column":5}},"loc":{"start":{"line":5,"column":53},"end":{"line":28,"column":5}},"line":5},"1":{"name":"(anonymous_1)","decl":{"start":{"line":30,"column":4},"end":{"line":30,"column":5}},"loc":{"start":{"line":30,"column":53},"end":{"line":62,"column":5}},"line":30},"2":{"name":"(anonymous_2)","decl":{"start":{"line":64,"column":4},"end":{"line":64,"column":5}},"loc":{"start":{"line":64,"column":48},"end":{"line":94,"column":5}},"line":64},"3":{"name":"(anonymous_3)","decl":{"start":{"line":96,"column":4},"end":{"line":96,"column":5}},"loc":{"start":{"line":96,"column":47},"end":{"line":121,"column":5}},"line":96}},"branchMap":{"0":{"loc":{"start":{"line":15,"column":16},"end":{"line":17,"column":17}},"type":"if","locations":[{"start":{"line":15,"column":16},"end":{"line":17,"column":17}},{"start":{},"end":{}}],"line":15},"1":{"loc":{"start":{"line":76,"column":12},"end":{"line":78,"column":13}},"type":"if","locations":[{"start":{"line":76,"column":12},"end":{"line":78,"column":13}},{"start":{},"end":{}}],"line":76},"2":{"loc":{"start":{"line":79,"column":12},"end":{"line":81,"column":13}},"type":"if","locations":[{"start":{"line":79,"column":12},"end":{"line":81,"column":13}},{"start":{},"end":{}}],"line":79},"3":{"loc":{"start":{"line":103,"column":12},"end":{"line":105,"column":13}},"type":"if","locations":[{"start":{"line":103,"column":12},"end":{"line":105,"column":13}},{"start":{},"end":{}}],"line":103},"4":{"loc":{"start":{"line":106,"column":12},"end":{"line":108,"column":13}},"type":"if","locations":[{"start":{"line":106,"column":12},"end":{"line":108,"column":13}},{"start":{},"end":{}}],"line":106}},"s":{"0":2,"1":2,"2":2,"3":2,"4":2,"5":2,"6":2,"7":6,"8":6,"9":5,"10":2,"11":2,"12":0,"13":2,"14":2,"15":2,"16":2,"17":2,"18":2,"19":6,"20":6,"21":2,"22":2,"23":2,"24":2,"25":2,"26":2,"27":0,"28":2,"29":2,"30":2,"31":2,"32":2,"33":2,"34":2,"35":2,"36":2,"37":0,"38":2,"39":2,"40":2,"41":0,"42":2,"43":2,"44":2,"45":2,"46":2,"47":2,"48":0,"49":2,"50":2,"51":2,"52":0,"53":2},"f":{"0":2,"1":2,"2":2,"3":2},"b":{"0":[5,1],"1":[0,2],"2":[2,0],"3":[0,2],"4":[2,0]},"_coverageSchema":"1a1c01bbd47fc00a2c39e90264f33305004495a9","hash":"ed844086a75c6ddee52b105d73d772c38ab0e234"}
,"D:\\Users\\mandi\\Documents\\AMANDA\\EU\\EU_CURSOS\\OSF\\alibazon\\controllers\\UserController.js": {"path":"D:\\Users\\mandi\\Documents\\AMANDA\\EU\\EU_CURSOS\\OSF\\alibazon\\controllers\\UserController.js","statementMap":{"0":{"start":{"line":1,"column":30},"end":{"line":1,"column":50}},"1":{"start":{"line":2,"column":25},"end":{"line":2,"column":47}},"2":{"start":{"line":3,"column":34},"end":{"line":3,"column":69}},"3":{"start":{"line":5,"column":12},"end":{"line":5,"column":31}},"4":{"start":{"line":10,"column":50},"end":{"line":10,"column":58}},"5":{"start":{"line":12,"column":20},"end":{"line":12,"column":65}},"6":{"start":{"line":14,"column":4},"end":{"line":27,"column":5}},"7":{"start":{"line":20,"column":8},"end":{"line":20,"column":65}},"8":{"start":{"line":21,"column":8},"end":{"line":21,"column":49}},"9":{"start":{"line":22,"column":8},"end":{"line":22,"column":57}},"10":{"start":{"line":23,"column":8},"end":{"line":23,"column":23}},"11":{"start":{"line":26,"column":6},"end":{"line":26,"column":22}},"12":{"start":{"line":31,"column":40},"end":{"line":31,"column":48}},"13":{"start":{"line":33,"column":17},"end":{"line":33,"column":51}},"14":{"start":{"line":35,"column":4},"end":{"line":43,"column":5}},"15":{"start":{"line":36,"column":25},"end":{"line":36,"column":79}},"16":{"start":{"line":37,"column":6},"end":{"line":37,"column":55}},"17":{"start":{"line":38,"column":6},"end":{"line":38,"column":61}},"18":{"start":{"line":39,"column":6},"end":{"line":39,"column":21}},"19":{"start":{"line":42,"column":6},"end":{"line":42,"column":22}},"20":{"start":{"line":67,"column":0},"end":{"line":67,"column":32}}},"fnMap":{"0":{"name":"(anonymous_0)","decl":{"start":{"line":9,"column":2},"end":{"line":9,"column":3}},"loc":{"start":{"line":9,"column":42},"end":{"line":28,"column":3}},"line":9},"1":{"name":"(anonymous_1)","decl":{"start":{"line":30,"column":2},"end":{"line":30,"column":3}},"loc":{"start":{"line":30,"column":42},"end":{"line":44,"column":3}},"line":30}},"branchMap":{},"s":{"0":2,"1":2,"2":2,"3":2,"4":0,"5":0,"6":0,"7":0,"8":0,"9":0,"10":0,"11":0,"12":2,"13":2,"14":2,"15":2,"16":2,"17":1,"18":1,"19":1,"20":2},"f":{"0":0,"1":2},"b":{},"_coverageSchema":"1a1c01bbd47fc00a2c39e90264f33305004495a9","hash":"4f3813757387284645ee1101789a509a413f9121"}
,"D:\\Users\\mandi\\Documents\\AMANDA\\EU\\EU_CURSOS\\OSF\\alibazon\\errors\\InvalidField.js": {"path":"D:\\Users\\mandi\\Documents\\AMANDA\\EU\\EU_CURSOS\\OSF\\alibazon\\errors\\InvalidField.js","statementMap":{"0":{"start":{"line":3,"column":6},"end":{"line":4,"column":29}},"1":{"start":{"line":6,"column":6},"end":{"line":6,"column":33}},"2":{"start":{"line":7,"column":6},"end":{"line":7,"column":21}},"3":{"start":{"line":11,"column":2},"end":{"line":11,"column":32}}},"fnMap":{"0":{"name":"(anonymous_0)","decl":{"start":{"line":2,"column":4},"end":{"line":2,"column":5}},"loc":{"start":{"line":2,"column":23},"end":{"line":8,"column":5}},"line":2}},"branchMap":{},"s":{"0":3,"1":3,"2":3,"3":2},"f":{"0":3},"b":{},"_coverageSchema":"1a1c01bbd47fc00a2c39e90264f33305004495a9","hash":"04910f9e3c861e86deec04d6dae745d9a7f2c49e"}
,"D:\\Users\\mandi\\Documents\\AMANDA\\EU\\EU_CURSOS\\OSF\\alibazon\\errors\\UserAlreadyExists.js": {"path":"D:\\Users\\mandi\\Documents\\AMANDA\\EU\\EU_CURSOS\\OSF\\alibazon\\errors\\UserAlreadyExists.js","statementMap":{"0":{"start":{"line":3,"column":6},"end":{"line":6,"column":43}},"1":{"start":{"line":8,"column":6},"end":{"line":8,"column":38}},"2":{"start":{"line":9,"column":6},"end":{"line":9,"column":21}},"3":{"start":{"line":13,"column":2},"end":{"line":13,"column":37}}},"fnMap":{"0":{"name":"(anonymous_0)","decl":{"start":{"line":2,"column":4},"end":{"line":2,"column":5}},"loc":{"start":{"line":2,"column":23},"end":{"line":10,"column":5}},"line":2}},"branchMap":{},"s":{"0":0,"1":0,"2":0,"3":2},"f":{"0":0},"b":{},"_coverageSchema":"1a1c01bbd47fc00a2c39e90264f33305004495a9","hash":"da1b37c98af61009cae51b86d08087e1ae986ab7"}
,"D:\\Users\\mandi\\Documents\\AMANDA\\EU\\EU_CURSOS\\OSF\\alibazon\\errors\\index.js": {"path":"D:\\Users\\mandi\\Documents\\AMANDA\\EU\\EU_CURSOS\\OSF\\alibazon\\errors\\index.js","statementMap":{"0":{"start":{"line":1,"column":26},"end":{"line":1,"column":56}},"1":{"start":{"line":2,"column":21},"end":{"line":2,"column":46}},"2":{"start":{"line":4,"column":0},"end":{"line":7,"column":1}}},"fnMap":{},"branchMap":{},"s":{"0":2,"1":2,"2":2},"f":{},"b":{},"_coverageSchema":"1a1c01bbd47fc00a2c39e90264f33305004495a9","hash":"c43cae75f91157aa71c9a241cb2c79411b8d2b52"}
,"D:\\Users\\mandi\\Documents\\AMANDA\\EU\\EU_CURSOS\\OSF\\alibazon\\middlewares\\errorTreatment.js": {"path":"D:\\Users\\mandi\\Documents\\AMANDA\\EU\\EU_CURSOS\\OSF\\alibazon\\middlewares\\errorTreatment.js","statementMap":{"0":{"start":{"line":1,"column":44},"end":{"line":1,"column":64}},"1":{"start":{"line":3,"column":0},"end":{"line":35,"column":4}},"2":{"start":{"line":4,"column":17},"end":{"line":4,"column":20}},"3":{"start":{"line":6,"column":4},"end":{"line":10,"column":5}},"4":{"start":{"line":9,"column":6},"end":{"line":9,"column":19}},"5":{"start":{"line":12,"column":15},"end":{"line":12,"column":36}},"6":{"start":{"line":13,"column":4},"end":{"line":26,"column":5}},"7":{"start":{"line":14,"column":6},"end":{"line":14,"column":29}},"8":{"start":{"line":16,"column":22},"end":{"line":16,"column":37}},"9":{"start":{"line":17,"column":6},"end":{"line":19,"column":7}},"10":{"start":{"line":18,"column":8},"end":{"line":18,"column":28}},"11":{"start":{"line":20,"column":6},"end":{"line":22,"column":7}},"12":{"start":{"line":21,"column":8},"end":{"line":21,"column":24}},"13":{"start":{"line":23,"column":6},"end":{"line":25,"column":7}},"14":{"start":{"line":24,"column":8},"end":{"line":24,"column":29}},"15":{"start":{"line":28,"column":4},"end":{"line":28,"column":23}},"16":{"start":{"line":29,"column":4},"end":{"line":33,"column":7}}},"fnMap":{"0":{"name":"(anonymous_0)","decl":{"start":{"line":3,"column":17},"end":{"line":3,"column":18}},"loc":{"start":{"line":3,"column":42},"end":{"line":35,"column":3}},"line":3}},"branchMap":{"0":{"loc":{"start":{"line":6,"column":4},"end":{"line":10,"column":5}},"type":"if","locations":[{"start":{"line":6,"column":4},"end":{"line":10,"column":5}},{"start":{},"end":{}}],"line":6},"1":{"loc":{"start":{"line":6,"column":8},"end":{"line":7,"column":35}},"type":"binary-expr","locations":[{"start":{"line":6,"column":8},"end":{"line":6,"column":40}},{"start":{"line":7,"column":8},"end":{"line":7,"column":35}}],"line":6},"2":{"loc":{"start":{"line":13,"column":4},"end":{"line":26,"column":5}},"type":"if","locations":[{"start":{"line":13,"column":4},"end":{"line":26,"column":5}},{"start":{"line":15,"column":11},"end":{"line":26,"column":5}}],"line":13},"3":{"loc":{"start":{"line":13,"column":8},"end":{"line":13,"column":44}},"type":"binary-expr","locations":[{"start":{"line":13,"column":8},"end":{"line":13,"column":25}},{"start":{"line":13,"column":29},"end":{"line":13,"column":44}}],"line":13},"4":{"loc":{"start":{"line":17,"column":6},"end":{"line":19,"column":7}},"type":"if","locations":[{"start":{"line":17,"column":6},"end":{"line":19,"column":7}},{"start":{},"end":{}}],"line":17},"5":{"loc":{"start":{"line":20,"column":6},"end":{"line":22,"column":7}},"type":"if","locations":[{"start":{"line":20,"column":6},"end":{"line":22,"column":7}},{"start":{},"end":{}}],"line":20},"6":{"loc":{"start":{"line":23,"column":6},"end":{"line":25,"column":7}},"type":"if","locations":[{"start":{"line":23,"column":6},"end":{"line":25,"column":7}},{"start":{},"end":{}}],"line":23}},"s":{"0":2,"1":2,"2":4,"3":4,"4":3,"5":4,"6":4,"7":0,"8":4,"9":4,"10":0,"11":4,"12":0,"13":4,"14":0,"15":4,"16":4},"f":{"0":4},"b":{"0":[3,1],"1":[4,4],"2":[0,4],"3":[4,4],"4":[0,4],"5":[0,4],"6":[0,4]},"_coverageSchema":"1a1c01bbd47fc00a2c39e90264f33305004495a9","hash":"200aec2499839bc0b21105738952a0466b5587ef"}
,"D:\\Users\\mandi\\Documents\\AMANDA\\EU\\EU_CURSOS\\OSF\\alibazon\\middlewares\\userValidation.js": {"path":"D:\\Users\\mandi\\Documents\\AMANDA\\EU\\EU_CURSOS\\OSF\\alibazon\\middlewares\\userValidation.js","statementMap":{"0":{"start":{"line":1,"column":25},"end":{"line":1,"column":45}},"1":{"start":{"line":3,"column":0},"end":{"line":30,"column":1}},"2":{"start":{"line":5,"column":21},"end":{"line":5,"column":29}},"3":{"start":{"line":7,"column":8},"end":{"line":28,"column":35}},"4":{"start":{"line":8,"column":12},"end":{"line":10,"column":13}},"5":{"start":{"line":9,"column":16},"end":{"line":9,"column":46}},"6":{"start":{"line":12,"column":12},"end":{"line":16,"column":13}},"7":{"start":{"line":13,"column":16},"end":{"line":15,"column":17}},"8":{"start":{"line":14,"column":20},"end":{"line":14,"column":52}},"9":{"start":{"line":17,"column":12},"end":{"line":21,"column":13}},"10":{"start":{"line":18,"column":16},"end":{"line":20,"column":17}},"11":{"start":{"line":19,"column":20},"end":{"line":19,"column":54}},"12":{"start":{"line":22,"column":12},"end":{"line":26,"column":13}},"13":{"start":{"line":23,"column":16},"end":{"line":25,"column":17}},"14":{"start":{"line":24,"column":20},"end":{"line":24,"column":50}},"15":{"start":{"line":27,"column":12},"end":{"line":27,"column":26}},"16":{"start":{"line":28,"column":24},"end":{"line":28,"column":33}}},"fnMap":{"0":{"name":"(anonymous_0)","decl":{"start":{"line":4,"column":4},"end":{"line":4,"column":5}},"loc":{"start":{"line":4,"column":33},"end":{"line":29,"column":5}},"line":4}},"branchMap":{"0":{"loc":{"start":{"line":8,"column":12},"end":{"line":10,"column":13}},"type":"if","locations":[{"start":{"line":8,"column":12},"end":{"line":10,"column":13}},{"start":{},"end":{}}],"line":8},"1":{"loc":{"start":{"line":12,"column":12},"end":{"line":16,"column":13}},"type":"if","locations":[{"start":{"line":12,"column":12},"end":{"line":16,"column":13}},{"start":{},"end":{}}],"line":12},"2":{"loc":{"start":{"line":13,"column":16},"end":{"line":15,"column":17}},"type":"if","locations":[{"start":{"line":13,"column":16},"end":{"line":15,"column":17}},{"start":{},"end":{}}],"line":13},"3":{"loc":{"start":{"line":13,"column":20},"end":{"line":13,"column":122}},"type":"binary-expr","locations":[{"start":{"line":13,"column":20},"end":{"line":13,"column":54}},{"start":{"line":13,"column":58},"end":{"line":13,"column":85}},{"start":{"line":13,"column":89},"end":{"line":13,"column":122}}],"line":13},"4":{"loc":{"start":{"line":17,"column":12},"end":{"line":21,"column":13}},"type":"if","locations":[{"start":{"line":17,"column":12},"end":{"line":21,"column":13}},{"start":{},"end":{}}],"line":17},"5":{"loc":{"start":{"line":18,"column":16},"end":{"line":20,"column":17}},"type":"if","locations":[{"start":{"line":18,"column":16},"end":{"line":20,"column":17}},{"start":{},"end":{}}],"line":18},"6":{"loc":{"start":{"line":18,"column":20},"end":{"line":18,"column":89}},"type":"binary-expr","locations":[{"start":{"line":18,"column":20},"end":{"line":18,"column":57}},{"start":{"line":18,"column":61},"end":{"line":18,"column":89}}],"line":18},"7":{"loc":{"start":{"line":22,"column":12},"end":{"line":26,"column":13}},"type":"if","locations":[{"start":{"line":22,"column":12},"end":{"line":26,"column":13}},{"start":{},"end":{}}],"line":22},"8":{"loc":{"start":{"line":23,"column":16},"end":{"line":25,"column":17}},"type":"if","locations":[{"start":{"line":23,"column":16},"end":{"line":25,"column":17}},{"start":{},"end":{}}],"line":23},"9":{"loc":{"start":{"line":23,"column":20},"end":{"line":23,"column":81}},"type":"binary-expr","locations":[{"start":{"line":23,"column":20},"end":{"line":23,"column":53}},{"start":{"line":23,"column":57},"end":{"line":23,"column":81}}],"line":23}},"s":{"0":2,"1":2,"2":11,"3":11,"4":11,"5":0,"6":11,"7":3,"8":1,"9":10,"10":2,"11":1,"12":9,"13":1,"14":1,"15":8,"16":3},"f":{"0":11},"b":{"0":[0,11],"1":[3,8],"2":[1,2],"3":[3,3,3],"4":[2,8],"5":[1,1],"6":[2,2],"7":[1,8],"8":[1,0],"9":[1,1]},"_coverageSchema":"1a1c01bbd47fc00a2c39e90264f33305004495a9","hash":"6cf10b4de14df4b1bff0430c65f60cd6e0243ada"}
,"D:\\Users\\mandi\\Documents\\AMANDA\\EU\\EU_CURSOS\\OSF\\alibazon\\routes\\categoriesRoute.js": {"path":"D:\\Users\\mandi\\Documents\\AMANDA\\EU\\EU_CURSOS\\OSF\\alibazon\\routes\\categoriesRoute.js","statementMap":{"0":{"start":{"line":1,"column":19},"end":{"line":1,"column":37}},"1":{"start":{"line":2,"column":27},"end":{"line":2,"column":71}},"2":{"start":{"line":4,"column":15},"end":{"line":4,"column":23}},"3":{"start":{"line":6,"column":0},"end":{"line":6,"column":65}},"4":{"start":{"line":7,"column":0},"end":{"line":7,"column":79}},"5":{"start":{"line":8,"column":0},"end":{"line":8,"column":89}},"6":{"start":{"line":9,"column":0},"end":{"line":9,"column":99}},"7":{"start":{"line":11,"column":0},"end":{"line":11,"column":24}}},"fnMap":{},"branchMap":{},"s":{"0":2,"1":2,"2":2,"3":2,"4":2,"5":2,"6":2,"7":2},"f":{},"b":{},"_coverageSchema":"1a1c01bbd47fc00a2c39e90264f33305004495a9","hash":"d7a8686a47edb6bb8ef9fc91d26327d0b78cb45e"}
,"D:\\Users\\mandi\\Documents\\AMANDA\\EU\\EU_CURSOS\\OSF\\alibazon\\routes\\index.js": {"path":"D:\\Users\\mandi\\Documents\\AMANDA\\EU\\EU_CURSOS\\OSF\\alibazon\\routes\\index.js","statementMap":{"0":{"start":{"line":1,"column":14},"end":{"line":1,"column":37}},"1":{"start":{"line":2,"column":19},"end":{"line":2,"column":47}},"2":{"start":{"line":3,"column":13},"end":{"line":3,"column":36}},"3":{"start":{"line":5,"column":15},"end":{"line":5,"column":55}},"4":{"start":{"line":7,"column":0},"end":{"line":14,"column":1}},"5":{"start":{"line":8,"column":2},"end":{"line":13,"column":3}}},"fnMap":{"0":{"name":"(anonymous_0)","decl":{"start":{"line":7,"column":17},"end":{"line":7,"column":18}},"loc":{"start":{"line":7,"column":26},"end":{"line":14,"column":1}},"line":7}},"branchMap":{},"s":{"0":2,"1":2,"2":2,"3":2,"4":2,"5":2},"f":{"0":2},"b":{},"_coverageSchema":"1a1c01bbd47fc00a2c39e90264f33305004495a9","hash":"4f33b914b7a43ccf289bde8e734a5ffc19c6e50e"}
,"D:\\Users\\mandi\\Documents\\AMANDA\\EU\\EU_CURSOS\\OSF\\alibazon\\routes\\mainRoutes.js": {"path":"D:\\Users\\mandi\\Documents\\AMANDA\\EU\\EU_CURSOS\\OSF\\alibazon\\routes\\mainRoutes.js","statementMap":{"0":{"start":{"line":1,"column":19},"end":{"line":1,"column":37}},"1":{"start":{"line":2,"column":15},"end":{"line":2,"column":23}},"2":{"start":{"line":4,"column":0},"end":{"line":6,"column":5}},"3":{"start":{"line":5,"column":4},"end":{"line":5,"column":56}},"4":{"start":{"line":8,"column":0},"end":{"line":8,"column":24}}},"fnMap":{"0":{"name":"(anonymous_0)","decl":{"start":{"line":4,"column":16},"end":{"line":4,"column":17}},"loc":{"start":{"line":4,"column":36},"end":{"line":6,"column":3}},"line":4}},"branchMap":{},"s":{"0":2,"1":2,"2":2,"3":0,"4":2},"f":{"0":0},"b":{},"_coverageSchema":"1a1c01bbd47fc00a2c39e90264f33305004495a9","hash":"f7be996ea6201f51ae46ce0f5a749fbd1af2104e"}
,"D:\\Users\\mandi\\Documents\\AMANDA\\EU\\EU_CURSOS\\OSF\\alibazon\\routes\\usersRoute.js": {"path":"D:\\Users\\mandi\\Documents\\AMANDA\\EU\\EU_CURSOS\\OSF\\alibazon\\routes\\usersRoute.js","statementMap":{"0":{"start":{"line":1,"column":19},"end":{"line":1,"column":37}},"1":{"start":{"line":2,"column":23},"end":{"line":2,"column":63}},"2":{"start":{"line":3,"column":25},"end":{"line":3,"column":65}},"3":{"start":{"line":5,"column":15},"end":{"line":5,"column":23}},"4":{"start":{"line":7,"column":0},"end":{"line":7,"column":68}},"5":{"start":{"line":7,"column":44},"end":{"line":7,"column":64}},"6":{"start":{"line":8,"column":0},"end":{"line":8,"column":50}},"7":{"start":{"line":9,"column":0},"end":{"line":9,"column":24}},"8":{"start":{"line":10,"column":0},"end":{"line":10,"column":68}},"9":{"start":{"line":10,"column":44},"end":{"line":10,"column":64}},"10":{"start":{"line":11,"column":0},"end":{"line":11,"column":50}},"11":{"start":{"line":14,"column":0},"end":{"line":14,"column":24}}},"fnMap":{"0":{"name":"(anonymous_0)","decl":{"start":{"line":7,"column":22},"end":{"line":7,"column":23}},"loc":{"start":{"line":7,"column":42},"end":{"line":7,"column":66}},"line":7},"1":{"name":"(anonymous_1)","decl":{"start":{"line":10,"column":22},"end":{"line":10,"column":23}},"loc":{"start":{"line":10,"column":42},"end":{"line":10,"column":66}},"line":10}},"branchMap":{},"s":{"0":2,"1":2,"2":2,"3":2,"4":2,"5":0,"6":2,"7":2,"8":2,"9":0,"10":2,"11":2},"f":{"0":0,"1":0},"b":{},"_coverageSchema":"1a1c01bbd47fc00a2c39e90264f33305004495a9","hash":"cf7172b08e65e1f77f6e144e95ab05fe92142469"}
,"D:\\Users\\mandi\\Documents\\AMANDA\\EU\\EU_CURSOS\\OSF\\alibazon\\services\\CartServices.js": {"path":"D:\\Users\\mandi\\Documents\\AMANDA\\EU\\EU_CURSOS\\OSF\\alibazon\\services\\CartServices.js","statementMap":{"0":{"start":{"line":1,"column":17},"end":{"line":1,"column":38}},"1":{"start":{"line":5,"column":0},"end":{"line":5,"column":30}}},"fnMap":{},"branchMap":{},"s":{"0":3,"1":3},"f":{},"b":{},"_coverageSchema":"1a1c01bbd47fc00a2c39e90264f33305004495a9","hash":"07759e1847cf9e09eda9e0f416556556bb6d1d30"}
,"D:\\Users\\mandi\\Documents\\AMANDA\\EU\\EU_CURSOS\\OSF\\alibazon\\services\\CategoriesServices.js": {"path":"D:\\Users\\mandi\\Documents\\AMANDA\\EU\\EU_CURSOS\\OSF\\alibazon\\services\\CategoriesServices.js","statementMap":{"0":{"start":{"line":1,"column":17},"end":{"line":1,"column":38}},"1":{"start":{"line":3,"column":12},"end":{"line":3,"column":31}},"2":{"start":{"line":4,"column":18},"end":{"line":4,"column":40}},"3":{"start":{"line":6,"column":18},"end":{"line":6,"column":19}},"4":{"start":{"line":7,"column":18},"end":{"line":7,"column":19}},"5":{"start":{"line":8,"column":33},"end":{"line":8,"column":35}},"6":{"start":{"line":13,"column":8},"end":{"line":13,"column":86}},"7":{"start":{"line":17,"column":8},"end":{"line":17,"column":97}},"8":{"start":{"line":21,"column":8},"end":{"line":21,"column":103}},"9":{"start":{"line":25,"column":8},"end":{"line":25,"column":89}},"10":{"start":{"line":29,"column":8},"end":{"line":29,"column":122}},"11":{"start":{"line":33,"column":8},"end":{"line":33,"column":101}},"12":{"start":{"line":37,"column":8},"end":{"line":45,"column":9}},"13":{"start":{"line":38,"column":12},"end":{"line":44,"column":10}},"14":{"start":{"line":39,"column":12},"end":{"line":41,"column":13}},"15":{"start":{"line":40,"column":12},"end":{"line":40,"column":56}},"16":{"start":{"line":41,"column":14},"end":{"line":43,"column":13}},"17":{"start":{"line":42,"column":12},"end":{"line":42,"column":31}},"18":{"start":{"line":47,"column":8},"end":{"line":53,"column":9}},"19":{"start":{"line":48,"column":12},"end":{"line":50,"column":13}},"20":{"start":{"line":49,"column":12},"end":{"line":49,"column":56}},"21":{"start":{"line":50,"column":14},"end":{"line":52,"column":13}},"22":{"start":{"line":51,"column":12},"end":{"line":51,"column":31}},"23":{"start":{"line":54,"column":8},"end":{"line":54,"column":14}},"24":{"start":{"line":58,"column":8},"end":{"line":75,"column":9}},"25":{"start":{"line":59,"column":12},"end":{"line":74,"column":14}},"26":{"start":{"line":60,"column":37},"end":{"line":60,"column":57}},"27":{"start":{"line":61,"column":16},"end":{"line":65,"column":17}},"28":{"start":{"line":62,"column":40},"end":{"line":62,"column":79}},"29":{"start":{"line":63,"column":38},"end":{"line":63,"column":104}},"30":{"start":{"line":64,"column":20},"end":{"line":64,"column":47}},"31":{"start":{"line":66,"column":16},"end":{"line":70,"column":17}},"32":{"start":{"line":67,"column":43},"end":{"line":67,"column":80}},"33":{"start":{"line":68,"column":38},"end":{"line":68,"column":106}},"34":{"start":{"line":69,"column":20},"end":{"line":69,"column":47}},"35":{"start":{"line":71,"column":16},"end":{"line":73,"column":17}},"36":{"start":{"line":72,"column":20},"end":{"line":72,"column":45}},"37":{"start":{"line":79,"column":8},"end":{"line":100,"column":9}},"38":{"start":{"line":80,"column":28},"end":{"line":95,"column":10}},"39":{"start":{"line":82,"column":12},"end":{"line":92,"column":36}},"40":{"start":{"line":85,"column":26},"end":{"line":85,"column":33}},"41":{"start":{"line":86,"column":12},"end":{"line":90,"column":13}},"42":{"start":{"line":87,"column":16},"end":{"line":87,"column":48}},"43":{"start":{"line":88,"column":16},"end":{"line":88,"column":48}},"44":{"start":{"line":89,"column":16},"end":{"line":89,"column":86}},"45":{"start":{"line":91,"column":12},"end":{"line":91,"column":45}},"46":{"start":{"line":92,"column":30},"end":{"line":92,"column":33}},"47":{"start":{"line":94,"column":12},"end":{"line":94,"column":45}},"48":{"start":{"line":96,"column":22},"end":{"line":97,"column":36}},"49":{"start":{"line":97,"column":23},"end":{"line":97,"column":33}},"50":{"start":{"line":99,"column":8},"end":{"line":99,"column":20}},"51":{"start":{"line":104,"column":0},"end":{"line":104,"column":36}}},"fnMap":{"0":{"name":"(anonymous_0)","decl":{"start":{"line":12,"column":4},"end":{"line":12,"column":5}},"loc":{"start":{"line":12,"column":49},"end":{"line":14,"column":5}},"line":12},"1":{"name":"(anonymous_1)","decl":{"start":{"line":16,"column":4},"end":{"line":16,"column":5}},"loc":{"start":{"line":16,"column":60},"end":{"line":18,"column":5}},"line":16},"2":{"name":"(anonymous_2)","decl":{"start":{"line":20,"column":4},"end":{"line":20,"column":5}},"loc":{"start":{"line":20,"column":56},"end":{"line":22,"column":5}},"line":20},"3":{"name":"(anonymous_3)","decl":{"start":{"line":24,"column":4},"end":{"line":24,"column":5}},"loc":{"start":{"line":24,"column":57},"end":{"line":26,"column":5}},"line":24},"4":{"name":"(anonymous_4)","decl":{"start":{"line":28,"column":4},"end":{"line":28,"column":5}},"loc":{"start":{"line":28,"column":49},"end":{"line":30,"column":5}},"line":28},"5":{"name":"(anonymous_5)","decl":{"start":{"line":32,"column":4},"end":{"line":32,"column":5}},"loc":{"start":{"line":32,"column":44},"end":{"line":34,"column":5}},"line":32},"6":{"name":"(anonymous_6)","decl":{"start":{"line":36,"column":4},"end":{"line":36,"column":5}},"loc":{"start":{"line":36,"column":33},"end":{"line":55,"column":5}},"line":36},"7":{"name":"(anonymous_7)","decl":{"start":{"line":38,"column":27},"end":{"line":38,"column":28}},"loc":{"start":{"line":38,"column":37},"end":{"line":44,"column":9}},"line":38},"8":{"name":"(anonymous_8)","decl":{"start":{"line":57,"column":4},"end":{"line":57,"column":5}},"loc":{"start":{"line":57,"column":30},"end":{"line":76,"column":5}},"line":57},"9":{"name":"(anonymous_9)","decl":{"start":{"line":59,"column":27},"end":{"line":59,"column":28}},"loc":{"start":{"line":59,"column":37},"end":{"line":74,"column":13}},"line":59},"10":{"name":"(anonymous_10)","decl":{"start":{"line":78,"column":4},"end":{"line":78,"column":5}},"loc":{"start":{"line":78,"column":43},"end":{"line":101,"column":5}},"line":78},"11":{"name":"(anonymous_11)","decl":{"start":{"line":80,"column":45},"end":{"line":80,"column":46}},"loc":{"start":{"line":80,"column":61},"end":{"line":95,"column":9}},"line":80},"12":{"name":"(anonymous_12)","decl":{"start":{"line":84,"column":18},"end":{"line":84,"column":19}},"loc":{"start":{"line":84,"column":25},"end":{"line":92,"column":13}},"line":84},"13":{"name":"(anonymous_13)","decl":{"start":{"line":92,"column":21},"end":{"line":92,"column":22}},"loc":{"start":{"line":92,"column":28},"end":{"line":92,"column":35}},"line":92},"14":{"name":"(anonymous_14)","decl":{"start":{"line":97,"column":14},"end":{"line":97,"column":15}},"loc":{"start":{"line":97,"column":21},"end":{"line":97,"column":35}},"line":97}},"branchMap":{"0":{"loc":{"start":{"line":39,"column":12},"end":{"line":41,"column":13}},"type":"if","locations":[{"start":{"line":39,"column":12},"end":{"line":41,"column":13}},{"start":{},"end":{}}],"line":39},"1":{"loc":{"start":{"line":41,"column":14},"end":{"line":43,"column":13}},"type":"if","locations":[{"start":{"line":41,"column":14},"end":{"line":43,"column":13}},{"start":{},"end":{}}],"line":41},"2":{"loc":{"start":{"line":48,"column":12},"end":{"line":50,"column":13}},"type":"if","locations":[{"start":{"line":48,"column":12},"end":{"line":50,"column":13}},{"start":{},"end":{}}],"line":48},"3":{"loc":{"start":{"line":48,"column":16},"end":{"line":48,"column":67}},"type":"binary-expr","locations":[{"start":{"line":48,"column":16},"end":{"line":48,"column":37}},{"start":{"line":48,"column":41},"end":{"line":48,"column":67}}],"line":48},"4":{"loc":{"start":{"line":50,"column":14},"end":{"line":52,"column":13}},"type":"if","locations":[{"start":{"line":50,"column":14},"end":{"line":52,"column":13}},{"start":{},"end":{}}],"line":50},"5":{"loc":{"start":{"line":61,"column":16},"end":{"line":65,"column":17}},"type":"if","locations":[{"start":{"line":61,"column":16},"end":{"line":65,"column":17}},{"start":{},"end":{}}],"line":61},"6":{"loc":{"start":{"line":66,"column":16},"end":{"line":70,"column":17}},"type":"if","locations":[{"start":{"line":66,"column":16},"end":{"line":70,"column":17}},{"start":{},"end":{}}],"line":66},"7":{"loc":{"start":{"line":71,"column":16},"end":{"line":73,"column":17}},"type":"if","locations":[{"start":{"line":71,"column":16},"end":{"line":73,"column":17}},{"start":{},"end":{}}],"line":71},"8":{"loc":{"start":{"line":86,"column":12},"end":{"line":90,"column":13}},"type":"if","locations":[{"start":{"line":86,"column":12},"end":{"line":90,"column":13}},{"start":{},"end":{}}],"line":86},"9":{"loc":{"start":{"line":86,"column":16},"end":{"line":86,"column":67}},"type":"binary-expr","locations":[{"start":{"line":86,"column":16},"end":{"line":86,"column":44}},{"start":{"line":86,"column":48},"end":{"line":86,"column":67}}],"line":86}},"s":{"0":3,"1":3,"2":3,"3":3,"4":3,"5":3,"6":3,"7":9,"8":7,"9":3,"10":3,"11":3,"12":6,"13":8,"14":21,"15":0,"16":21,"17":6,"18":6,"19":9,"20":0,"21":9,"22":4,"23":6,"24":3,"25":3,"26":3,"27":3,"28":1,"29":1,"30":1,"31":3,"32":1,"33":1,"34":1,"35":3,"36":1,"37":2,"38":2,"39":11,"40":11,"41":11,"42":1,"43":1,"44":1,"45":11,"46":0,"47":11,"48":2,"49":2,"50":2,"51":3},"f":{"0":3,"1":9,"2":7,"3":3,"4":3,"5":3,"6":6,"7":21,"8":3,"9":3,"10":2,"11":11,"12":11,"13":0,"14":2},"b":{"0":[0,21],"1":[6,15],"2":[0,9],"3":[9,9],"4":[4,5],"5":[1,2],"6":[1,2],"7":[1,2],"8":[1,10],"9":[11,10]},"_coverageSchema":"1a1c01bbd47fc00a2c39e90264f33305004495a9","hash":"be98586a0716a534e3d3fe0ec7f9c732b98e8609"}
,"D:\\Users\\mandi\\Documents\\AMANDA\\EU\\EU_CURSOS\\OSF\\alibazon\\services\\Services.js": {"path":"D:\\Users\\mandi\\Documents\\AMANDA\\EU\\EU_CURSOS\\OSF\\alibazon\\services\\Services.js","statementMap":{"0":{"start":{"line":1,"column":14},"end":{"line":1,"column":30}},"1":{"start":{"line":5,"column":8},"end":{"line":14,"column":9}},"2":{"start":{"line":6,"column":29},"end":{"line":10,"column":14}},"3":{"start":{"line":11,"column":12},"end":{"line":11,"column":28}},"4":{"start":{"line":13,"column":12},"end":{"line":13,"column":45}},"5":{"start":{"line":18,"column":8},"end":{"line":27,"column":9}},"6":{"start":{"line":19,"column":28},"end":{"line":23,"column":14}},"7":{"start":{"line":24,"column":12},"end":{"line":24,"column":27}},"8":{"start":{"line":26,"column":12},"end":{"line":26,"column":31}},"9":{"start":{"line":31,"column":0},"end":{"line":31,"column":26}}},"fnMap":{"0":{"name":"(anonymous_0)","decl":{"start":{"line":4,"column":4},"end":{"line":4,"column":5}},"loc":{"start":{"line":4,"column":41},"end":{"line":15,"column":5}},"line":4},"1":{"name":"(anonymous_1)","decl":{"start":{"line":17,"column":4},"end":{"line":17,"column":5}},"loc":{"start":{"line":17,"column":37},"end":{"line":28,"column":5}},"line":17}},"branchMap":{"0":{"loc":{"start":{"line":4,"column":30},"end":{"line":4,"column":39}},"type":"default-arg","locations":[{"start":{"line":4,"column":37},"end":{"line":4,"column":39}}],"line":4}},"s":{"0":4,"1":39,"2":39,"3":31,"4":8,"5":2,"6":2,"7":1,"8":1,"9":4},"f":{"0":39,"1":2},"b":{"0":[39]},"_coverageSchema":"1a1c01bbd47fc00a2c39e90264f33305004495a9","hash":"70a3514d16a1668d0809d10d1dd541cdb73b0046"}
,"D:\\Users\\mandi\\Documents\\AMANDA\\EU\\EU_CURSOS\\OSF\\alibazon\\services\\UserServices.js": {"path":"D:\\Users\\mandi\\Documents\\AMANDA\\EU\\EU_CURSOS\\OSF\\alibazon\\services\\UserServices.js","statementMap":{"0":{"start":{"line":1,"column":17},"end":{"line":1,"column":38}},"1":{"start":{"line":2,"column":18},"end":{"line":2,"column":40}},"2":{"start":{"line":6,"column":21},"end":{"line":11,"column":9}},"3":{"start":{"line":12,"column":8},"end":{"line":12,"column":20}},"4":{"start":{"line":16,"column":21},"end":{"line":20,"column":9}},"5":{"start":{"line":22,"column":8},"end":{"line":22,"column":20}},"6":{"start":{"line":26,"column":0},"end":{"line":26,"column":30}}},"fnMap":{"0":{"name":"(anonymous_0)","decl":{"start":{"line":5,"column":4},"end":{"line":5,"column":5}},"loc":{"start":{"line":5,"column":45},"end":{"line":13,"column":5}},"line":5},"1":{"name":"(anonymous_1)","decl":{"start":{"line":15,"column":4},"end":{"line":15,"column":5}},"loc":{"start":{"line":15,"column":38},"end":{"line":23,"column":5}},"line":15}},"branchMap":{},"s":{"0":4,"1":4,"2":1,"3":1,"4":3,"5":3,"6":4},"f":{"0":1,"1":3},"b":{},"_coverageSchema":"1a1c01bbd47fc00a2c39e90264f33305004495a9","hash":"ce9c409c42e89dcfc4606f94654edea13b3b2f27"}
,"D:\\Users\\mandi\\Documents\\AMANDA\\EU\\EU_CURSOS\\OSF\\alibazon\\services\\index.js": {"path":"D:\\Users\\mandi\\Documents\\AMANDA\\EU\\EU_CURSOS\\OSF\\alibazon\\services\\index.js","statementMap":{"0":{"start":{"line":1,"column":21},"end":{"line":1,"column":46}},"1":{"start":{"line":2,"column":21},"end":{"line":2,"column":46}},"2":{"start":{"line":3,"column":27},"end":{"line":3,"column":58}},"3":{"start":{"line":5,"column":0},"end":{"line":9,"column":1}}},"fnMap":{},"branchMap":{},"s":{"0":3,"1":3,"2":3,"3":3},"f":{},"b":{},"_coverageSchema":"1a1c01bbd47fc00a2c39e90264f33305004495a9","hash":"95743e898cc79dafbe28ab82e260527185d6ab48"}
}
