TN:
SF:app.js
FN:32,(anonymous_0)
FN:46,(anonymous_1)
FNF:2
FNH:2
FNDA:7,(anonymous_0)
FNDA:15,(anonymous_1)
DA:1,7
DA:4,7
DA:5,7
DA:6,7
DA:7,7
DA:8,7
DA:9,7
DA:11,7
DA:13,7
DA:15,7
DA:25,7
DA:28,7
DA:32,7
DA:33,7
DA:37,7
DA:38,7
DA:40,7
DA:41,7
DA:42,7
DA:43,7
DA:44,7
DA:46,7
DA:48,15
DA:49,0
DA:52,15
DA:56,7
DA:80,7
LF:27
LH:26
BRDA:48,0,0,0
BRDA:48,0,1,15
BRDA:48,1,0,15
BRDA:48,1,1,15
BRF:4
BRH:3
end_of_record
TN:
SF:controllers\CartController.js
FN:7,(anonymous_0)
FN:46,(anonymous_1)
FN:61,(anonymous_2)
FN:97,(anonymous_3)
FN:120,(anonymous_4)
FNF:5
FNH:0
FNDA:0,(anonymous_0)
FNDA:0,(anonymous_1)
FNDA:0,(anonymous_2)
FNDA:0,(anonymous_3)
FNDA:0,(anonymous_4)
DA:1,7
DA:2,7
DA:3,7
DA:8,0
DA:9,0
DA:10,0
DA:11,0
DA:12,0
DA:13,0
DA:14,0
DA:15,0
DA:17,0
DA:18,0
DA:20,0
DA:21,0
DA:22,0
DA:23,0
DA:24,0
DA:25,0
DA:26,0
DA:27,0
DA:29,0
DA:33,0
DA:34,0
DA:35,0
DA:36,0
DA:38,0
DA:39,0
DA:40,0
DA:43,0
DA:45,0
DA:46,0
DA:47,0
DA:50,0
DA:58,0
DA:62,0
DA:63,0
DA:64,0
DA:66,0
DA:67,0
DA:68,0
DA:69,0
DA:70,0
DA:71,0
DA:72,0
DA:73,0
DA:74,0
DA:79,0
DA:80,0
DA:81,0
DA:84,0
DA:85,0
DA:86,0
DA:88,0
DA:90,0
DA:92,0
DA:94,0
DA:98,0
DA:99,0
DA:101,0
DA:102,0
DA:103,0
DA:105,0
DA:106,0
DA:107,0
DA:108,0
DA:112,0
DA:113,0
DA:115,0
DA:117,0
DA:121,0
DA:122,0
DA:123,0
DA:125,0
DA:126,0
DA:127,0
DA:129,0
DA:130,0
DA:131,0
DA:132,0
DA:136,0
DA:137,0
DA:139,0
DA:141,0
DA:147,7
LF:85
LH:4
BRDA:72,0,0,0
BRDA:72,0,1,0
BRDA:73,1,0,0
BRDA:73,1,1,0
BRDA:73,2,0,0
BRDA:73,2,1,0
BRDA:73,2,2,0
BRDA:79,3,0,0
BRDA:79,3,1,0
BRDA:85,4,0,0
BRDA:85,4,1,0
BRDA:107,5,0,0
BRDA:107,5,1,0
BRDA:131,6,0,0
BRDA:131,6,1,0
BRF:15
BRH:0
end_of_record
TN:
SF:controllers\CategoryController.js
FN:5,(anonymous_0)
FN:30,(anonymous_1)
FN:64,(anonymous_2)
FN:96,(anonymous_3)
FN:165,removeDuplicatesObjects
FN:166,(anonymous_5)
FN:167,(anonymous_6)
FN:168,(anonymous_7)
FN:168,(anonymous_8)
FNF:9
FNH:9
FNDA:2,(anonymous_0)
FNDA:2,(anonymous_1)
FNDA:2,(anonymous_2)
FNDA:2,(anonymous_3)
FNDA:6,removeDuplicatesObjects
FNDA:7,(anonymous_5)
FNDA:7,(anonymous_6)
FNDA:7,(anonymous_7)
FNDA:3,(anonymous_8)
DA:1,7
DA:6,2
DA:7,2
DA:9,2
DA:11,2
DA:12,2
DA:13,2
DA:14,6
DA:15,6
DA:16,5
DA:19,2
DA:21,2
DA:27,0
DA:31,2
DA:32,2
DA:34,2
DA:35,2
DA:37,2
DA:38,2
DA:39,6
DA:40,6
DA:43,2
DA:44,2
DA:46,2
DA:47,2
DA:50,2
DA:52,2
DA:61,0
DA:65,2
DA:66,2
DA:68,2
DA:69,2
DA:70,2
DA:71,2
DA:72,2
DA:75,2
DA:76,2
DA:77,0
DA:79,2
DA:80,2
DA:83,2
DA:93,0
DA:97,2
DA:99,2
DA:100,2
DA:101,2
DA:102,2
DA:103,2
DA:105,2
DA:106,0
DA:108,2
DA:109,2
DA:111,2
DA:112,0
DA:115,2
DA:117,2
DA:118,2
DA:119,2
DA:120,2
DA:121,2
DA:122,2
DA:124,2
DA:125,3
DA:126,2
DA:127,7
DA:128,13
DA:129,7
DA:138,3
DA:139,0
DA:140,0
DA:141,0
DA:142,0
DA:151,3
DA:152,0
DA:153,0
DA:154,0
DA:155,0
DA:166,7
DA:167,7
DA:168,7
DA:169,6
DA:172,2
DA:173,2
DA:174,2
DA:176,2
DA:190,0
DA:194,7
LF:87
LH:72
BRDA:15,0,0,5
BRDA:15,0,1,1
BRDA:76,1,0,0
BRDA:76,1,1,2
BRDA:79,2,0,2
BRDA:79,2,1,0
BRDA:105,3,0,0
BRDA:105,3,1,2
BRDA:108,4,0,2
BRDA:108,4,1,0
BRDA:111,5,0,0
BRDA:111,5,1,2
BRDA:125,6,0,2
BRDA:125,6,1,1
BRDA:128,7,0,7
BRDA:128,7,1,6
BRDA:138,8,0,0
BRDA:138,8,1,3
BRDA:141,9,0,0
BRDA:141,9,1,0
BRDA:151,10,0,0
BRDA:151,10,1,3
BRDA:154,11,0,0
BRDA:154,11,1,0
BRDA:167,12,0,7
BRDA:167,12,1,3
BRF:26
BRH:15
end_of_record
TN:
SF:controllers\OrderController.js
FN:6,(anonymous_0)
FN:77,(anonymous_1)
FNF:2
FNH:0
FNDA:0,(anonymous_0)
FNDA:0,(anonymous_1)
DA:1,7
DA:2,7
DA:7,0
DA:8,0
DA:9,0
DA:10,0
DA:11,0
DA:12,0
DA:13,0
DA:14,0
DA:15,0
DA:16,0
DA:18,0
DA:19,0
DA:20,0
DA:22,0
DA:23,0
DA:24,0
DA:25,0
DA:26,0
DA:27,0
DA:28,0
DA:29,0
DA:30,0
DA:31,0
DA:32,0
DA:33,0
DA:34,0
DA:35,0
DA:36,0
DA:37,0
DA:38,0
DA:40,0
DA:41,0
DA:50,0
DA:52,0
DA:53,0
DA:54,0
DA:55,0
DA:58,0
DA:59,0
DA:60,0
DA:62,0
DA:71,0
DA:74,0
DA:78,0
DA:80,0
DA:81,0
DA:82,0
DA:84,0
DA:85,0
DA:87,0
DA:89,0
DA:90,0
DA:92,0
DA:96,0
DA:101,7
LF:57
LH:3
BRDA:22,0,0,0
BRDA:22,0,1,0
BRF:2
BRH:0
end_of_record
TN:
SF:controllers\UserController.js
FN:7,(anonymous_0)
FN:24,(anonymous_1)
FN:38,(anonymous_2)
FNF:3
FNH:2
FNDA:1,(anonymous_0)
FNDA:3,(anonymous_1)
FNDA:0,(anonymous_2)
DA:1,7
DA:2,7
DA:3,7
DA:8,1
DA:10,1
DA:12,1
DA:13,1
DA:14,1
DA:15,1
DA:17,0
DA:20,1
DA:25,3
DA:26,3
DA:28,3
DA:29,3
DA:30,3
DA:31,2
DA:34,1
DA:39,0
DA:40,0
DA:44,7
LF:21
LH:18
BRDA:14,0,0,1
BRDA:14,0,1,0
BRF:2
BRH:1
end_of_record
TN:
SF:controllers\WishlistController.js
FN:6,(anonymous_0)
FN:46,(anonymous_1)
FN:61,(anonymous_2)
FN:87,(anonymous_3)
FN:110,(anonymous_4)
FNF:5
FNH:0
FNDA:0,(anonymous_0)
FNDA:0,(anonymous_1)
FNDA:0,(anonymous_2)
FNDA:0,(anonymous_3)
FNDA:0,(anonymous_4)
DA:1,7
DA:2,7
DA:7,0
DA:8,0
DA:9,0
DA:10,0
DA:11,0
DA:12,0
DA:13,0
DA:14,0
DA:16,0
DA:17,0
DA:19,0
DA:20,0
DA:21,0
DA:22,0
DA:23,0
DA:24,0
DA:25,0
DA:26,0
DA:28,0
DA:32,0
DA:33,0
DA:34,0
DA:35,0
DA:38,0
DA:39,0
DA:40,0
DA:43,0
DA:45,0
DA:46,0
DA:47,0
DA:50,0
DA:58,0
DA:62,0
DA:63,0
DA:64,0
DA:66,0
DA:67,0
DA:68,0
DA:69,0
DA:70,0
DA:71,0
DA:72,0
DA:73,0
DA:74,0
DA:79,0
DA:80,0
DA:82,0
DA:84,0
DA:88,0
DA:89,0
DA:91,0
DA:92,0
DA:93,0
DA:95,0
DA:96,0
DA:97,0
DA:98,0
DA:102,0
DA:103,0
DA:105,0
DA:107,0
DA:111,0
DA:112,0
DA:113,0
DA:115,0
DA:116,0
DA:117,0
DA:119,0
DA:120,0
DA:121,0
DA:122,0
DA:126,0
DA:127,0
DA:129,0
DA:131,0
DA:137,7
LF:78
LH:3
BRDA:72,0,0,0
BRDA:72,0,1,0
BRDA:73,1,0,0
BRDA:73,1,1,0
BRDA:73,2,0,0
BRDA:73,2,1,0
BRDA:73,2,2,0
BRDA:97,3,0,0
BRDA:97,3,1,0
BRDA:121,4,0,0
BRDA:121,4,1,0
BRF:11
BRH:0
end_of_record
TN:
SF:errors\InvalidField.js
FN:2,(anonymous_0)
FNF:1
FNH:1
FNDA:3,(anonymous_0)
DA:3,3
DA:6,3
DA:7,3
DA:11,7
LF:4
LH:4
BRF:0
BRH:0
end_of_record
TN:
SF:errors\OrderNotAvailable.js
FN:2,(anonymous_0)
FNF:1
FNH:0
FNDA:0,(anonymous_0)
DA:3,0
DA:5,0
DA:6,0
DA:10,7
LF:4
LH:1
BRF:0
BRH:0
end_of_record
TN:
SF:errors\UserAlreadyExists.js
FN:2,(anonymous_0)
FNF:1
FNH:1
FNDA:1,(anonymous_0)
DA:3,1
DA:8,1
DA:9,1
DA:13,7
LF:4
LH:4
BRF:0
BRH:0
end_of_record
TN:
SF:errors\index.js
FNF:0
FNH:0
DA:1,7
DA:2,7
DA:3,7
DA:5,7
LF:4
LH:4
BRF:0
BRH:0
end_of_record
TN:
SF:middlewares\errorTreatment.js
FN:3,(anonymous_0)
FNF:1
FNH:1
FNDA:5,(anonymous_0)
DA:1,7
DA:3,7
DA:4,5
DA:6,5
DA:9,4
DA:12,5
DA:13,5
DA:14,0
DA:16,5
DA:17,0
DA:19,5
DA:20,0
DA:22,5
DA:23,0
DA:25,5
DA:26,5
DA:27,0
DA:29,5
DA:30,0
DA:32,5
DA:33,0
DA:37,5
DA:38,5
LF:23
LH:16
BRDA:6,0,0,4
BRDA:6,0,1,1
BRDA:6,1,0,5
BRDA:6,1,1,4
BRDA:13,2,0,0
BRDA:13,2,1,5
BRDA:16,3,0,0
BRDA:16,3,1,5
BRDA:19,4,0,0
BRDA:19,4,1,5
BRDA:22,5,0,0
BRDA:22,5,1,5
BRDA:22,6,0,5
BRDA:22,6,1,5
BRDA:26,7,0,0
BRDA:26,7,1,5
BRDA:29,8,0,0
BRDA:29,8,1,5
BRDA:32,9,0,0
BRDA:32,9,1,5
BRF:20
BRH:13
end_of_record
TN:
SF:middlewares\userValidation.js
FN:4,(anonymous_0)
FNF:1
FNH:1
FNDA:12,(anonymous_0)
DA:1,7
DA:3,7
DA:5,12
DA:7,12
DA:8,12
DA:9,0
DA:12,12
DA:13,4
DA:14,1
DA:17,11
DA:18,3
DA:19,1
DA:22,10
DA:23,2
DA:24,1
DA:27,9
DA:28,3
LF:17
LH:16
BRDA:8,0,0,0
BRDA:8,0,1,12
BRDA:12,1,0,4
BRDA:12,1,1,8
BRDA:13,2,0,1
BRDA:13,2,1,3
BRDA:13,3,0,4
BRDA:13,3,1,4
BRDA:17,4,0,3
BRDA:17,4,1,8
BRDA:18,5,0,1
BRDA:18,5,1,2
BRDA:22,6,0,2
BRDA:22,6,1,8
BRDA:23,7,0,1
BRDA:23,7,1,1
BRF:16
BRH:15
end_of_record
TN:
SF:routes\cartRoutes.js
FNF:0
FNH:0
DA:1,7
DA:2,7
DA:4,7
DA:6,7
DA:7,7
DA:8,7
DA:9,7
DA:11,7
LF:8
LH:8
BRF:0
BRH:0
end_of_record
TN:
SF:routes\categoriesRoutes.js
FNF:0
FNH:0
DA:1,7
DA:2,7
DA:4,7
DA:6,7
DA:7,7
DA:8,7
DA:9,7
DA:11,7
LF:8
LH:8
BRF:0
BRH:0
end_of_record
TN:
SF:routes\index.js
FN:10,(anonymous_0)
FNF:1
FNH:1
FNDA:7,(anonymous_0)
DA:1,7
DA:2,7
DA:3,7
DA:4,7
DA:5,7
DA:6,7
DA:8,7
DA:10,7
DA:11,7
LF:9
LH:9
BRF:0
BRH:0
end_of_record
TN:
SF:routes\mainRoutes.js
FN:4,(anonymous_0)
FNF:1
FNH:0
FNDA:0,(anonymous_0)
DA:1,7
DA:2,7
DA:4,7
DA:5,0
DA:8,7
LF:5
LH:4
BRF:0
BRH:0
end_of_record
TN:
SF:routes\orderRoutes.js
FNF:0
FNH:0
DA:1,7
DA:2,7
DA:4,7
DA:6,7
DA:7,7
DA:9,7
LF:6
LH:6
BRF:0
BRH:0
end_of_record
TN:
SF:routes\usersRoutes.js
FN:7,(anonymous_0)
FN:12,(anonymous_1)
FN:15,(anonymous_2)
FNF:3
FNH:1
FNDA:15,(anonymous_0)
FNDA:0,(anonymous_1)
FNDA:0,(anonymous_2)
DA:1,7
DA:2,7
DA:3,7
DA:5,7
DA:7,7
DA:8,15
DA:9,15
DA:12,7
DA:13,7
DA:14,7
DA:15,7
DA:16,7
DA:17,7
DA:20,7
LF:14
LH:14
BRF:0
BRH:0
end_of_record
TN:
SF:routes\wishlistRoutes.js
FNF:0
FNH:0
DA:1,7
DA:2,7
DA:4,7
DA:6,7
DA:7,7
DA:8,7
DA:9,7
DA:11,7
LF:8
LH:8
BRF:0
BRH:0
end_of_record
TN:
SF:services\CartServices.js
FN:7,(anonymous_0)
FN:17,(anonymous_1)
FN:26,(anonymous_2)
FN:30,(anonymous_3)
FN:34,(anonymous_4)
FN:38,(anonymous_5)
FNF:6
FNH:6
FNDA:3,(anonymous_0)
FNDA:2,(anonymous_1)
FNDA:1,(anonymous_2)
FNDA:1,(anonymous_3)
FNDA:1,(anonymous_4)
FNDA:1,(anonymous_5)
DA:1,9
DA:3,9
DA:4,9
DA:8,3
DA:14,3
DA:18,2
DA:23,2
DA:27,1
DA:31,1
DA:35,1
DA:39,1
DA:43,9
LF:12
LH:12
BRF:0
BRH:0
end_of_record
TN:
SF:services\CategoriesServices.js
FN:12,(anonymous_0)
FN:16,(anonymous_1)
FN:20,(anonymous_2)
FN:24,(anonymous_3)
FN:28,(anonymous_4)
FN:32,(anonymous_5)
FN:36,(anonymous_6)
FN:38,(anonymous_7)
FN:57,(anonymous_8)
FN:59,(anonymous_9)
FN:78,(anonymous_10)
FN:80,(anonymous_11)
FN:84,(anonymous_12)
FN:92,(anonymous_13)
FN:97,(anonymous_14)
FNF:15
FNH:14
FNDA:4,(anonymous_0)
FNDA:13,(anonymous_1)
FNDA:6,(anonymous_2)
FNDA:19,(anonymous_3)
FNDA:19,(anonymous_4)
FNDA:19,(anonymous_5)
FNDA:6,(anonymous_6)
FNDA:21,(anonymous_7)
FNDA:3,(anonymous_8)
FNDA:3,(anonymous_9)
FNDA:2,(anonymous_10)
FNDA:11,(anonymous_11)
FNDA:11,(anonymous_12)
FNDA:0,(anonymous_13)
FNDA:2,(anonymous_14)
DA:1,8
DA:3,8
DA:4,8
DA:6,8
DA:7,8
DA:8,8
DA:13,4
DA:17,13
DA:21,6
DA:25,19
DA:29,19
DA:33,19
DA:37,6
DA:38,8
DA:39,21
DA:40,0
DA:41,21
DA:42,6
DA:47,6
DA:48,9
DA:49,0
DA:50,9
DA:51,4
DA:54,6
DA:58,3
DA:59,3
DA:60,3
DA:61,3
DA:62,1
DA:63,1
DA:64,1
DA:66,3
DA:67,1
DA:68,1
DA:69,1
DA:71,3
DA:72,1
DA:79,2
DA:80,2
DA:82,11
DA:85,11
DA:86,11
DA:87,1
DA:88,1
DA:89,1
DA:91,11
DA:92,0
DA:94,11
DA:96,2
DA:97,2
DA:99,2
DA:104,8
LF:52
LH:49
BRDA:39,0,0,0
BRDA:39,0,1,21
BRDA:41,1,0,6
BRDA:41,1,1,15
BRDA:48,2,0,0
BRDA:48,2,1,9
BRDA:48,3,0,9
BRDA:48,3,1,9
BRDA:50,4,0,4
BRDA:50,4,1,5
BRDA:61,5,0,1
BRDA:61,5,1,2
BRDA:66,6,0,1
BRDA:66,6,1,2
BRDA:71,7,0,1
BRDA:71,7,1,2
BRDA:86,8,0,1
BRDA:86,8,1,10
BRDA:86,9,0,11
BRDA:86,9,1,10
BRF:20
BRH:18
end_of_record
TN:
SF:services\OrderServices.js
FN:7,(anonymous_0)
FN:17,(anonymous_1)
FN:21,(anonymous_2)
FN:25,(anonymous_3)
FN:34,(anonymous_4)
FN:38,(anonymous_5)
FN:46,(anonymous_6)
FNF:7
FNH:7
FNDA:1,(anonymous_0)
FNDA:1,(anonymous_1)
FNDA:1,(anonymous_2)
FNDA:1,(anonymous_3)
FNDA:1,(anonymous_4)
FNDA:18,(anonymous_5)
FNDA:1,(anonymous_6)
DA:1,9
DA:3,9
DA:4,9
DA:8,1
DA:14,1
DA:18,1
DA:22,1
DA:26,1
DA:27,1
DA:28,8
DA:29,8
DA:31,1
DA:35,1
DA:36,1
DA:37,8
DA:38,8
DA:39,18
DA:41,8
DA:43,1
DA:47,1
DA:48,1
DA:49,1
DA:51,0
DA:53,1
DA:58,9
LF:25
LH:24
BRDA:48,0,0,1
BRDA:48,0,1,0
BRF:2
BRH:1
end_of_record
TN:
SF:services\Services.js
FN:4,(anonymous_0)
FN:17,(anonymous_1)
FN:30,(anonymous_2)
FN:43,(anonymous_3)
FN:57,(anonymous_4)
FN:71,(anonymous_5)
FN:101,(anonymous_6)
FNF:7
FNH:7
FNDA:91,(anonymous_0)
FNDA:16,(anonymous_1)
FNDA:3,(anonymous_2)
FNDA:5,(anonymous_3)
FNDA:2,(anonymous_4)
FNDA:1,(anonymous_5)
FNDA:6,(anonymous_6)
DA:1,13
DA:5,91
DA:6,91
DA:11,89
DA:13,2
DA:18,16
DA:19,16
DA:24,13
DA:26,3
DA:31,3
DA:32,3
DA:37,3
DA:39,0
DA:44,5
DA:45,5
DA:51,5
DA:53,0
DA:58,2
DA:59,2
DA:65,2
DA:67,0
DA:72,1
DA:73,1
DA:74,1
DA:76,1
DA:77,3
DA:78,3
DA:79,3
DA:80,11
DA:81,11
DA:82,8
DA:83,8
DA:84,8
DA:85,8
DA:86,2
DA:96,1
DA:97,1
DA:98,1
DA:99,2
DA:100,2
DA:101,6
DA:103,1
DA:104,1
DA:110,1
DA:114,13
LF:45
LH:42
BRDA:4,0,0,91
BRDA:81,1,0,8
BRDA:81,1,1,3
BRDA:82,2,0,8
BRDA:82,2,1,0
BRDA:85,3,0,2
BRDA:85,3,1,6
BRF:7
BRH:6
end_of_record
TN:
SF:services\UserServices.js
FN:8,(anonymous_0)
FN:12,(anonymous_1)
FN:16,(anonymous_2)
FN:26,(anonymous_3)
FNF:4
FNH:4
FNDA:2,(anonymous_0)
FNDA:14,(anonymous_1)
FNDA:3,(anonymous_2)
FNDA:15,(anonymous_3)
DA:1,9
DA:3,9
DA:4,9
DA:9,2
DA:13,14
DA:17,3
DA:23,3
DA:27,15
DA:33,15
DA:37,9
LF:10
LH:10
BRF:0
BRH:0
end_of_record
TN:
SF:services\WishlistServices.js
FN:7,(anonymous_0)
FN:17,(anonymous_1)
FN:26,(anonymous_2)
FN:30,(anonymous_3)
FN:34,(anonymous_4)
FN:38,(anonymous_5)
FNF:6
FNH:6
FNDA:3,(anonymous_0)
FNDA:2,(anonymous_1)
FNDA:1,(anonymous_2)
FNDA:1,(anonymous_3)
FNDA:1,(anonymous_4)
FNDA:1,(anonymous_5)
DA:1,9
DA:3,9
DA:4,9
DA:8,3
DA:14,3
DA:18,2
DA:23,2
DA:27,1
DA:31,1
DA:35,1
DA:39,1
DA:43,9
LF:12
LH:12
BRF:0
BRH:0
end_of_record
TN:
SF:services\index.js
FNF:0
FNH:0
DA:1,8
DA:2,8
DA:3,8
DA:4,8
DA:5,8
DA:7,8
LF:6
LH:6
BRF:0
BRH:0
end_of_record
